2021-05-19 15:43:06,536 :: Read input from input file
2021-05-19 15:43:06,538 :: Checking lines
2021-05-19 15:43:06,543 :: Written line containing "solaris" and "redhat" in output file
2021-05-19 15:43:06,543 :: Checking lines
2021-05-19 15:43:06,543 :: Written line containing "solaris" and "redhat" in output file
2021-05-19 15:43:06,543 :: Checking lines
2021-05-19 15:43:06,543 :: Written line containing "solaris" and "redhat" in output file
2021-05-19 15:43:06,543 :: Checking lines
2021-05-19 15:43:06,543 :: Written line containing "solaris" and "redhat" in output file
2021-05-19 15:43:06,543 :: Checking lines
2021-05-19 15:43:06,543 :: Written line containing "solaris" and "redhat" in output file
2021-05-19 15:43:06,543 :: Checking lines
2021-05-19 15:43:06,543 :: Written line containing "solaris" and "redhat" in output file
2021-05-19 15:43:06,543 :: Checking lines
2021-05-19 15:43:06,544 :: Written line containing "solaris" and "redhat" in output file
2021-05-19 15:43:06,544 :: Checking lines
2021-05-19 15:43:06,544 :: Written line containing "solaris" and "redhat" in output file
2021-05-19 15:43:06,544 :: Checking lines
2021-05-19 15:43:06,544 :: Written line containing "solaris" and "redhat" in output file
2021-05-19 15:43:06,544 :: Checking lines
2021-05-19 15:43:06,544 :: Written line containing "solaris" and "redhat" in output file
2021-05-19 15:43:06,544 :: Checking lines
2021-05-19 15:43:06,544 :: Written line containing "hypervisor" in output file
2021-05-19 15:43:06,544 :: Checking lines
2021-05-19 15:43:06,544 :: Written line containing "hypervisor" in output file
2021-05-19 15:43:06,544 :: Checking lines
2021-05-19 15:43:06,544 :: Written line containing "hypervisor" in output file
2021-05-19 15:43:06,544 :: Checking lines
2021-05-19 15:43:06,544 :: Written line containing "hypervisor" in output file
2021-05-19 15:43:06,544 :: Checking lines
2021-05-19 15:43:06,544 :: Written line containing "hypervisor" in output file
2021-05-19 15:43:06,545 :: Checking lines
2021-05-19 15:43:06,545 :: Written line containing "hypervisor" in output file
2021-05-19 15:43:06,545 :: Checking lines
2021-05-19 15:43:06,545 :: Written line containing "hypervisor" in output file
2021-05-19 15:43:06,545 :: Checking lines
2021-05-19 15:43:06,545 :: Written line containing "hypervisor" in output file
2021-05-19 15:43:06,545 :: Checking lines
2021-05-19 15:43:06,545 :: Written line containing "hypervisor" in output file
2021-05-19 15:43:06,545 :: Checking lines
2021-05-19 15:43:06,545 :: Written line containing "hypervisor" in output file
2021-05-19 15:43:06,545 :: Checking lines
2021-05-19 15:43:06,545 :: Written other lines in output file
2021-05-19 15:43:06,545 :: Checking lines
2021-05-19 15:43:06,545 :: Written other lines in output file
2021-05-19 15:43:06,545 :: Checking lines
2021-05-19 15:43:06,545 :: Written other lines in output file
2021-05-19 15:43:06,546 :: Checking lines
2021-05-19 15:43:06,546 :: Written other lines in output file
2021-05-19 15:43:06,546 :: Checking lines
2021-05-19 15:43:06,546 :: Written other lines in output file
2021-05-19 15:43:06,546 :: Checking lines
2021-05-19 15:43:06,546 :: Written other lines in output file
2021-05-19 15:43:06,546 :: Checking lines
2021-05-19 15:43:06,546 :: Written other lines in output file
2021-05-19 15:43:06,546 :: Checking lines
2021-05-19 15:43:06,546 :: Written other lines in output file
2021-05-19 15:43:06,546 :: Checking lines
2021-05-19 15:43:06,546 :: Written other lines in output file
2021-05-19 15:43:06,546 :: Checking lines
2021-05-19 15:43:06,546 :: Written other lines in output file
